2021-04-30 16:34:56 - INFO - stk00100_main.py     - create_PNG      - INI取得
2021-04-30 16:34:56 - INFO - stk00100_main.py     - create_PNG      - 業務前削除
2021-04-30 16:34:56 - INFO - stk00100_main.py     - create_PNG      - PNG作成
2021-04-30 16:35:01 - INFO - get_stock_pandas.py  - get_figure      - PNG作成：1000日.png
2021-04-30 16:35:06 - INFO - get_stock_pandas.py  - get_figure      - PNG作成：100日.png
2021-04-30 16:35:11 - INFO - get_stock_pandas.py  - get_figure      - PNG作成：10日.png
2021-04-30 16:35:15 - INFO - get_stock_pandas.py  - get_figure      - PNG作成：5日.png
2021-04-30 16:35:16 - INFO - stk00100_main.py     - <module>        - Drive認証
2021-04-30 16:35:16 - INFO - stk00100_main.py     - upload_PNG      - Drive内ファイル削除
2021-04-30 16:35:21 - INFO - stk00100_main.py     - upload_PNG      - ファイルアップロード
2021-04-30 16:35:24 - INFO - operate_googleapi.py - upload_file     - File ID: 1Yb4i4YKflpjVjECN5mchTpARg7IF3Akx
2021-04-30 16:35:26 - INFO - operate_googleapi.py - upload_file     - File ID: 1IfDFW6GPM6MLHN_rq5A7_Pt1kEDAPEtR
2021-04-30 16:35:28 - INFO - operate_googleapi.py - upload_file     - File ID: 12PpRdkEM4pTMxYLbgzz10khKSLO_8SVy
2021-04-30 16:35:30 - INFO - operate_googleapi.py - upload_file     - File ID: 1xFlRwgXkFX9KbzC8pi09zw4j7AcM6P-c
2021-04-30 16:35:31 - INFO - stk00100_main.py     - <module>        - GAS認証
2021-04-30 16:35:33 - INFO - stk00100_main.py     - update_spreadsheet - SpreadSheet作成
2021-04-30 16:37:22 - INFO - stk00100_main.py     - <module>        - 処理開始
2021-04-30 16:37:22 - INFO - stk00100_main.py     - create_PNG      - INI取得
2021-04-30 16:37:22 - INFO - stk00100_main.py     - create_PNG      - 業務前削除
2021-04-30 16:37:22 - INFO - stk00100_main.py     - create_PNG      - PNG作成
2021-04-30 16:37:27 - INFO - get_stock_pandas.py  - get_figure      - PNG作成：1000日.png
2021-04-30 16:37:37 - INFO - get_stock_pandas.py  - get_figure      - PNG作成：100日.png
2021-04-30 16:37:47 - INFO - get_stock_pandas.py  - get_figure      - PNG作成：10日.png
2021-04-30 16:37:54 - INFO - get_stock_pandas.py  - get_figure      - PNG作成：5日.png
2021-04-30 16:37:55 - INFO - stk00100_main.py     - <module>        - Drive認証
2021-04-30 16:37:55 - INFO - stk00100_main.py     - upload_PNG      - Drive内ファイル削除
2021-04-30 16:38:02 - INFO - stk00100_main.py     - upload_PNG      - ファイルアップロード
2021-04-30 16:38:03 - INFO - operate_googleapi.py - upload_file     - File ID: 1BHkI1fKEnn-XURpWh7o5kYiRdo6XXsXx
2021-04-30 16:38:06 - INFO - operate_googleapi.py - upload_file     - File ID: 1he_nA3FG3aOXMcsxOCy7QmJ38W257A44
2021-04-30 16:38:07 - INFO - operate_googleapi.py - upload_file     - File ID: 1qd9SPvaEKvJS91ApBcdKMeWag8os3Zvm
2021-04-30 16:38:09 - INFO - operate_googleapi.py - upload_file     - File ID: 1GJ5JnFp_QVnVzucmjCwqdQ7A5z-Csl5T
2021-04-30 16:38:10 - INFO - stk00100_main.py     - <module>        - GAS認証
2021-04-30 16:38:12 - INFO - stk00100_main.py     - update_spreadsheet - SpreadSheet作成
2021-04-30 16:38:25 - INFO - stk00100_main.py     - <module>        - 処理終了
2021-04-30 16:39:08 - INFO - stk00100_main.py     - <module>        - ■■処理開始■■
2021-04-30 16:39:08 - INFO - stk00100_main.py     - create_PNG      - INI取得
2021-04-30 16:39:08 - INFO - stk00100_main.py     - create_PNG      - 業務前削除
2021-04-30 16:39:08 - INFO - stk00100_main.py     - create_PNG      - PNG作成
2021-04-30 16:39:15 - INFO - get_stock_pandas.py  - get_figure      - PNG作成：1000日.png
2021-04-30 16:39:21 - INFO - get_stock_pandas.py  - get_figure      - PNG作成：100日.png
2021-04-30 16:39:26 - INFO - get_stock_pandas.py  - get_figure      - PNG作成：10日.png
2021-04-30 16:39:43 - INFO - get_stock_pandas.py  - get_figure      - PNG作成：5日.png
2021-04-30 16:39:43 - INFO - stk00100_main.py     - <module>        - Drive認証
2021-04-30 16:39:44 - INFO - stk00100_main.py     - upload_PNG      - Drive内ファイル削除
2021-04-30 16:39:51 - INFO - stk00100_main.py     - upload_PNG      - ファイルアップロード
2021-04-30 16:39:53 - INFO - operate_googleapi.py - upload_file     - File ID: 1CAE_svVbuoSlwWIc7ND8t_cBax6gBV0i
2021-04-30 16:39:55 - INFO - operate_googleapi.py - upload_file     - File ID: 1Ud-h7Xz6WtnwBaJvoHhkAgXIkZUlwFL-
2021-04-30 16:39:58 - INFO - operate_googleapi.py - upload_file     - File ID: 17gWxXCtnnNhkPc1qg2pJkjIsZo5YQH5J
2021-04-30 16:40:00 - INFO - operate_googleapi.py - upload_file     - File ID: 1mY6X_4o0ITaj2SsBQwMtSOSb3HG_fT92
2021-04-30 16:40:00 - INFO - stk00100_main.py     - <module>        - GAS認証
2021-04-30 16:40:02 - INFO - stk00100_main.py     - update_spreadsheet - SpreadSheet作成
2021-04-30 16:40:15 - INFO - stk00100_main.py     - <module>        - ■■処理終了■■
